DEBUG main com.mchange.v2.c3p0.management.DynamicPooledDataSourceManagerMBean - MBean: com.mchange.v2.c3p0:type=PooledDataSource[1b608rnak1eprpox1c7o4r7|101952da] registered.
DEBUG main com.mchange.v2.resourcepool.BasicResourcePool - incremented pending_acquires: 1
DEBUG main com.mchange.v2.resourcepool.BasicResourcePool - incremented pending_acquires: 2
DEBUG main com.mchange.v2.resourcepool.BasicResourcePool - incremented pending_acquires: 3
DEBUG main com.mchange.v2.resourcepool.BasicResourcePool - com.mchange.v2.resourcepool.BasicResourcePool@737a135b config: [start -> 3; min -> 3; max -> 15; inc -> 3; num_acq_attempts -> 30; acq_attempt_delay -> 1000; check_idle_resources_delay -> 0; mox_resource_age -> 0; max_idle_time -> 0; excess_max_idle_time -> 0; destroy_unreturned_resc_time -> 0; expiration_enforcement_delay -> 0; break_on_acquisition_failure -> false; debug_store_checkout_exceptions -> false]
INFO main com.mchange.v2.c3p0.impl.AbstractPoolBackedDataSource - Initializing c3p0 pool... com.mchange.v2.c3p0.ComboPooledDataSource [ acquireIncrement -> 3, acquireRetryAttempts -> 30, acquireRetryDelay -> 1000, autoCommitOnClose -> false, automaticTestTable -> null, breakAfterAcquireFailure -> false, checkoutTimeout -> 0, connectionCustomizerClassName -> null, connectionTesterClassName -> com.mchange.v2.c3p0.impl.DefaultConnectionTester, dataSourceName -> 1b608rnak1eprpox1c7o4r7|101952da, debugUnreturnedConnectionStackTraces -> false, description -> null, driverClass -> com.mysql.jdbc.Driver, factoryClassLocation -> null, forceIgnoreUnresolvedTransactions -> false, identityToken -> 1b608rnak1eprpox1c7o4r7|101952da, idleConnectionTestPeriod -> 0, initialPoolSize -> 3, jdbcUrl -> jdbc:mysql://localhost:3306/atguigu, maxAdministrativeTaskTime -> 0, maxConnectionAge -> 0, maxIdleTime -> 0, maxIdleTimeExcessConnections -> 0, maxPoolSize -> 15, maxStatements -> 0, maxStatementsPerConnection -> 0, minPoolSize -> 3, numHelperThreads -> 3, numThreadsAwaitingCheckoutDefaultUser -> 0, preferredTestQuery -> null, properties -> {user=******, password=******}, propertyCycle -> 0, testConnectionOnCheckin -> false, testConnectionOnCheckout -> false, unreturnedConnectionTimeout -> 0, usesTraditionalReflectiveProxies -> false ]
DEBUG main com.mchange.v2.resourcepool.BasicResourcePool - acquire test -- pool size: 0; target_pool_size: 3; desired target? 1
DEBUG main com.mchange.v2.resourcepool.BasicResourcePool - awaitAvailable(): [unknown]
DEBUG main com.mchange.v2.resourcepool.BasicResourcePool - trace com.mchange.v2.resourcepool.BasicResourcePool@737a135b [managed: 0, unused: 0, excluded: 0]
DEBUG com.mchange.v2.async.ThreadPoolAsynchronousRunner$PoolThread-#1 com.mchange.v2.c3p0.impl.C3P0PooledConnectionPool - com.mchange.v2.c3p0.impl.C3P0PooledConnectionPool$1PooledConnectionResourcePoolManager@1c56ee18.acquireResource() returning. 
DEBUG com.mchange.v2.async.ThreadPoolAsynchronousRunner$PoolThread-#0 com.mchange.v2.c3p0.impl.C3P0PooledConnectionPool - com.mchange.v2.c3p0.impl.C3P0PooledConnectionPool$1PooledConnectionResourcePoolManager@1c56ee18.acquireResource() returning. 
DEBUG com.mchange.v2.async.ThreadPoolAsynchronousRunner$PoolThread-#2 com.mchange.v2.c3p0.impl.C3P0PooledConnectionPool - com.mchange.v2.c3p0.impl.C3P0PooledConnectionPool$1PooledConnectionResourcePoolManager@1c56ee18.acquireResource() returning. 
DEBUG com.mchange.v2.async.ThreadPoolAsynchronousRunner$PoolThread-#1 com.mchange.v2.resourcepool.BasicResourcePool - trace com.mchange.v2.resourcepool.BasicResourcePool@737a135b [managed: 1, unused: 1, excluded: 0]
DEBUG com.mchange.v2.async.ThreadPoolAsynchronousRunner$PoolThread-#1 com.mchange.v2.resourcepool.BasicResourcePool - decremented pending_acquires: 2
DEBUG com.mchange.v2.async.ThreadPoolAsynchronousRunner$PoolThread-#2 com.mchange.v2.resourcepool.BasicResourcePool - trace com.mchange.v2.resourcepool.BasicResourcePool@737a135b [managed: 2, unused: 2, excluded: 0] (e.g. com.mchange.v2.c3p0.impl.NewPooledConnection@1502870a)
DEBUG com.mchange.v2.async.ThreadPoolAsynchronousRunner$PoolThread-#2 com.mchange.v2.resourcepool.BasicResourcePool - decremented pending_acquires: 1
DEBUG com.mchange.v2.async.ThreadPoolAsynchronousRunner$PoolThread-#0 com.mchange.v2.resourcepool.BasicResourcePool - trace com.mchange.v2.resourcepool.BasicResourcePool@737a135b [managed: 3, unused: 2, excluded: 0] (e.g. com.mchange.v2.c3p0.impl.NewPooledConnection@1502870a)
DEBUG com.mchange.v2.async.ThreadPoolAsynchronousRunner$PoolThread-#0 com.mchange.v2.resourcepool.BasicResourcePool - decremented pending_acquires: 0
DEBUG main com.mchange.v2.resourcepool.BasicResourcePool - trace com.mchange.v2.resourcepool.BasicResourcePool@737a135b [managed: 3, unused: 2, excluded: 0] (e.g. com.mchange.v2.c3p0.impl.NewPooledConnection@1502870a)
DEBUG main com.mchange.v2.resourcepool.BasicResourcePool - trace com.mchange.v2.resourcepool.BasicResourcePool@737a135b [managed: 3, unused: 2, excluded: 0] (e.g. com.mchange.v2.c3p0.impl.NewPooledConnection@1502870a)
DEBUG main com.mchange.v2.c3p0.impl.NewProxyConnection - com.mchange.v2.c3p0.impl.NewProxyConnection@63f8276e: close() called more than once.
INFO main com.mchange.v2.log.MLog - MLog clients using log4j logging.
INFO main com.mchange.v2.c3p0.C3P0Registry - Initializing c3p0-0.9.1.2 [built 21-May-2007 15:04:56; debug? true; trace: 10]
DEBUG main com.mchange.v2.c3p0.management.DynamicPooledDataSourceManagerMBean - MBean: com.mchange.v2.c3p0:type=PooledDataSource[1b608rnak1epunw0cxzegu|101952da] registered.
DEBUG main com.mchange.v2.resourcepool.BasicResourcePool - incremented pending_acquires: 1
DEBUG main com.mchange.v2.resourcepool.BasicResourcePool - incremented pending_acquires: 2
DEBUG main com.mchange.v2.resourcepool.BasicResourcePool - incremented pending_acquires: 3
DEBUG main com.mchange.v2.resourcepool.BasicResourcePool - com.mchange.v2.resourcepool.BasicResourcePool@737a135b config: [start -> 3; min -> 3; max -> 15; inc -> 3; num_acq_attempts -> 30; acq_attempt_delay -> 1000; check_idle_resources_delay -> 0; mox_resource_age -> 0; max_idle_time -> 0; excess_max_idle_time -> 0; destroy_unreturned_resc_time -> 0; expiration_enforcement_delay -> 0; break_on_acquisition_failure -> false; debug_store_checkout_exceptions -> false]
INFO main com.mchange.v2.c3p0.impl.AbstractPoolBackedDataSource - Initializing c3p0 pool... com.mchange.v2.c3p0.ComboPooledDataSource [ acquireIncrement -> 3, acquireRetryAttempts -> 30, acquireRetryDelay -> 1000, autoCommitOnClose -> false, automaticTestTable -> null, breakAfterAcquireFailure -> false, checkoutTimeout -> 0, connectionCustomizerClassName -> null, connectionTesterClassName -> com.mchange.v2.c3p0.impl.DefaultConnectionTester, dataSourceName -> 1b608rnak1epunw0cxzegu|101952da, debugUnreturnedConnectionStackTraces -> false, description -> null, driverClass -> com.mysql.jdbc.Driver, factoryClassLocation -> null, forceIgnoreUnresolvedTransactions -> false, identityToken -> 1b608rnak1epunw0cxzegu|101952da, idleConnectionTestPeriod -> 0, initialPoolSize -> 3, jdbcUrl -> jdbc:mysql://localhost:3306/atguigu, maxAdministrativeTaskTime -> 0, maxConnectionAge -> 0, maxIdleTime -> 0, maxIdleTimeExcessConnections -> 0, maxPoolSize -> 15, maxStatements -> 0, maxStatementsPerConnection -> 0, minPoolSize -> 3, numHelperThreads -> 3, numThreadsAwaitingCheckoutDefaultUser -> 0, preferredTestQuery -> null, properties -> {user=******, password=******}, propertyCycle -> 0, testConnectionOnCheckin -> false, testConnectionOnCheckout -> false, unreturnedConnectionTimeout -> 0, usesTraditionalReflectiveProxies -> false ]
DEBUG main com.mchange.v2.resourcepool.BasicResourcePool - acquire test -- pool size: 0; target_pool_size: 3; desired target? 1
DEBUG main com.mchange.v2.resourcepool.BasicResourcePool - awaitAvailable(): [unknown]
DEBUG main com.mchange.v2.resourcepool.BasicResourcePool - trace com.mchange.v2.resourcepool.BasicResourcePool@737a135b [managed: 0, unused: 0, excluded: 0]
DEBUG com.mchange.v2.async.ThreadPoolAsynchronousRunner$PoolThread-#1 com.mchange.v2.c3p0.impl.C3P0PooledConnectionPool - com.mchange.v2.c3p0.impl.C3P0PooledConnectionPool$1PooledConnectionResourcePoolManager@2d3f2661.acquireResource() returning. 
DEBUG com.mchange.v2.async.ThreadPoolAsynchronousRunner$PoolThread-#2 com.mchange.v2.c3p0.impl.C3P0PooledConnectionPool - com.mchange.v2.c3p0.impl.C3P0PooledConnectionPool$1PooledConnectionResourcePoolManager@2d3f2661.acquireResource() returning. 
DEBUG com.mchange.v2.async.ThreadPoolAsynchronousRunner$PoolThread-#0 com.mchange.v2.c3p0.impl.C3P0PooledConnectionPool - com.mchange.v2.c3p0.impl.C3P0PooledConnectionPool$1PooledConnectionResourcePoolManager@2d3f2661.acquireResource() returning. 
DEBUG com.mchange.v2.async.ThreadPoolAsynchronousRunner$PoolThread-#1 com.mchange.v2.resourcepool.BasicResourcePool - trace com.mchange.v2.resourcepool.BasicResourcePool@737a135b [managed: 1, unused: 1, excluded: 0]
DEBUG main com.mchange.v2.resourcepool.BasicResourcePool - trace com.mchange.v2.resourcepool.BasicResourcePool@737a135b [managed: 1, unused: 0, excluded: 0] (e.g. com.mchange.v2.c3p0.impl.NewPooledConnection@6a286ce8)
DEBUG com.mchange.v2.async.ThreadPoolAsynchronousRunner$PoolThread-#0 com.mchange.v2.resourcepool.BasicResourcePool - trace com.mchange.v2.resourcepool.BasicResourcePool@737a135b [managed: 2, unused: 1, excluded: 0] (e.g. com.mchange.v2.c3p0.impl.NewPooledConnection@6a286ce8)
DEBUG com.mchange.v2.async.ThreadPoolAsynchronousRunner$PoolThread-#2 com.mchange.v2.resourcepool.BasicResourcePool - trace com.mchange.v2.resourcepool.BasicResourcePool@737a135b [managed: 3, unused: 2, excluded: 0] (e.g. com.mchange.v2.c3p0.impl.NewPooledConnection@6a286ce8)
DEBUG com.mchange.v2.async.ThreadPoolAsynchronousRunner$PoolThread-#2 com.mchange.v2.resourcepool.BasicResourcePool - decremented pending_acquires: 2
DEBUG com.mchange.v2.async.ThreadPoolAsynchronousRunner$PoolThread-#0 com.mchange.v2.resourcepool.BasicResourcePool - decremented pending_acquires: 1
DEBUG com.mchange.v2.async.ThreadPoolAsynchronousRunner$PoolThread-#1 com.mchange.v2.resourcepool.BasicResourcePool - decremented pending_acquires: 0
DEBUG main com.mchange.v2.resourcepool.BasicResourcePool - trace com.mchange.v2.resourcepool.BasicResourcePool@737a135b [managed: 3, unused: 2, excluded: 0] (e.g. com.mchange.v2.c3p0.impl.NewPooledConnection@6a286ce8)
DEBUG main com.mchange.v2.c3p0.impl.NewProxyConnection - com.mchange.v2.c3p0.impl.NewProxyConnection@63f8276e: close() called more than once.
INFO main com.mchange.v2.log.MLog - MLog clients using log4j logging.
INFO main com.mchange.v2.c3p0.C3P0Registry - Initializing c3p0-0.9.1.2 [built 21-May-2007 15:04:56; debug? true; trace: 10]
DEBUG main com.mchange.v2.c3p0.management.DynamicPooledDataSourceManagerMBean - MBean: com.mchange.v2.c3p0:type=PooledDataSource[1b608rnak1esza7v1rfg15a|3059cbc] registered.
DEBUG main com.mchange.v2.resourcepool.BasicResourcePool - incremented pending_acquires: 1
DEBUG main com.mchange.v2.resourcepool.BasicResourcePool - incremented pending_acquires: 2
DEBUG main com.mchange.v2.resourcepool.BasicResourcePool - incremented pending_acquires: 3
DEBUG main com.mchange.v2.resourcepool.BasicResourcePool - com.mchange.v2.resourcepool.BasicResourcePool@737a135b config: [start -> 3; min -> 3; max -> 15; inc -> 3; num_acq_attempts -> 30; acq_attempt_delay -> 1000; check_idle_resources_delay -> 0; mox_resource_age -> 0; max_idle_time -> 0; excess_max_idle_time -> 0; destroy_unreturned_resc_time -> 0; expiration_enforcement_delay -> 0; break_on_acquisition_failure -> false; debug_store_checkout_exceptions -> false]
INFO main com.mchange.v2.c3p0.impl.AbstractPoolBackedDataSource - Initializing c3p0 pool... com.mchange.v2.c3p0.ComboPooledDataSource [ acquireIncrement -> 3, acquireRetryAttempts -> 30, acquireRetryDelay -> 1000, autoCommitOnClose -> false, automaticTestTable -> null, breakAfterAcquireFailure -> false, checkoutTimeout -> 0, connectionCustomizerClassName -> null, connectionTesterClassName -> com.mchange.v2.c3p0.impl.DefaultConnectionTester, dataSourceName -> 1b608rnak1esza7v1rfg15a|3059cbc, debugUnreturnedConnectionStackTraces -> false, description -> null, driverClass -> com.mysql.jdbc.Driver, factoryClassLocation -> null, forceIgnoreUnresolvedTransactions -> false, identityToken -> 1b608rnak1esza7v1rfg15a|3059cbc, idleConnectionTestPeriod -> 0, initialPoolSize -> 3, jdbcUrl -> jdbc:mysql://localhost:3306/atguigu, maxAdministrativeTaskTime -> 0, maxConnectionAge -> 0, maxIdleTime -> 0, maxIdleTimeExcessConnections -> 0, maxPoolSize -> 15, maxStatements -> 0, maxStatementsPerConnection -> 0, minPoolSize -> 3, numHelperThreads -> 3, numThreadsAwaitingCheckoutDefaultUser -> 0, preferredTestQuery -> null, properties -> {user=******, password=******}, propertyCycle -> 0, testConnectionOnCheckin -> false, testConnectionOnCheckout -> false, unreturnedConnectionTimeout -> 0, usesTraditionalReflectiveProxies -> false ]
DEBUG main com.mchange.v2.resourcepool.BasicResourcePool - acquire test -- pool size: 0; target_pool_size: 3; desired target? 1
DEBUG main com.mchange.v2.resourcepool.BasicResourcePool - awaitAvailable(): [unknown]
DEBUG main com.mchange.v2.resourcepool.BasicResourcePool - trace com.mchange.v2.resourcepool.BasicResourcePool@737a135b [managed: 0, unused: 0, excluded: 0]
DEBUG com.mchange.v2.async.ThreadPoolAsynchronousRunner$PoolThread-#2 com.mchange.v2.c3p0.impl.C3P0PooledConnectionPool - com.mchange.v2.c3p0.impl.C3P0PooledConnectionPool$1PooledConnectionResourcePoolManager@10ebd6c6.acquireResource() returning. 
DEBUG com.mchange.v2.async.ThreadPoolAsynchronousRunner$PoolThread-#1 com.mchange.v2.c3p0.impl.C3P0PooledConnectionPool - com.mchange.v2.c3p0.impl.C3P0PooledConnectionPool$1PooledConnectionResourcePoolManager@10ebd6c6.acquireResource() returning. 
DEBUG com.mchange.v2.async.ThreadPoolAsynchronousRunner$PoolThread-#0 com.mchange.v2.c3p0.impl.C3P0PooledConnectionPool - com.mchange.v2.c3p0.impl.C3P0PooledConnectionPool$1PooledConnectionResourcePoolManager@10ebd6c6.acquireResource() returning. 
DEBUG com.mchange.v2.async.ThreadPoolAsynchronousRunner$PoolThread-#2 com.mchange.v2.resourcepool.BasicResourcePool - trace com.mchange.v2.resourcepool.BasicResourcePool@737a135b [managed: 1, unused: 1, excluded: 0]
DEBUG com.mchange.v2.async.ThreadPoolAsynchronousRunner$PoolThread-#0 com.mchange.v2.resourcepool.BasicResourcePool - trace com.mchange.v2.resourcepool.BasicResourcePool@737a135b [managed: 2, unused: 1, excluded: 0] (e.g. com.mchange.v2.c3p0.impl.NewPooledConnection@379d5730)
DEBUG com.mchange.v2.async.ThreadPoolAsynchronousRunner$PoolThread-#1 com.mchange.v2.resourcepool.BasicResourcePool - trace com.mchange.v2.resourcepool.BasicResourcePool@737a135b [managed: 3, unused: 2, excluded: 0] (e.g. com.mchange.v2.c3p0.impl.NewPooledConnection@379d5730)
DEBUG com.mchange.v2.async.ThreadPoolAsynchronousRunner$PoolThread-#1 com.mchange.v2.resourcepool.BasicResourcePool - decremented pending_acquires: 2
DEBUG com.mchange.v2.async.ThreadPoolAsynchronousRunner$PoolThread-#0 com.mchange.v2.resourcepool.BasicResourcePool - decremented pending_acquires: 1
DEBUG main com.mchange.v2.resourcepool.BasicResourcePool - trace com.mchange.v2.resourcepool.BasicResourcePool@737a135b [managed: 3, unused: 2, excluded: 0] (e.g. com.mchange.v2.c3p0.impl.NewPooledConnection@379d5730)
DEBUG com.mchange.v2.async.ThreadPoolAsynchronousRunner$PoolThread-#2 com.mchange.v2.resourcepool.BasicResourcePool - decremented pending_acquires: 0
DEBUG main com.mchange.v2.resourcepool.BasicResourcePool - trace com.mchange.v2.resourcepool.BasicResourcePool@737a135b [managed: 3, unused: 2, excluded: 0] (e.g. com.mchange.v2.c3p0.impl.NewPooledConnection@379d5730)
INFO main com.mchange.v2.log.MLog - MLog clients using log4j logging.
INFO main com.mchange.v2.c3p0.C3P0Registry - Initializing c3p0-0.9.1.2 [built 21-May-2007 15:04:56; debug? true; trace: 10]
DEBUG main com.mchange.v2.c3p0.management.DynamicPooledDataSourceManagerMBean - MBean: com.mchange.v2.c3p0:type=PooledDataSource[1b608rnak1eszoueixrjk7|3059cbc] registered.
DEBUG main com.mchange.v2.resourcepool.BasicResourcePool - incremented pending_acquires: 1
DEBUG main com.mchange.v2.resourcepool.BasicResourcePool - incremented pending_acquires: 2
DEBUG main com.mchange.v2.resourcepool.BasicResourcePool - incremented pending_acquires: 3
DEBUG main com.mchange.v2.resourcepool.BasicResourcePool - com.mchange.v2.resourcepool.BasicResourcePool@737a135b config: [start -> 3; min -> 3; max -> 15; inc -> 3; num_acq_attempts -> 30; acq_attempt_delay -> 1000; check_idle_resources_delay -> 0; mox_resource_age -> 0; max_idle_time -> 0; excess_max_idle_time -> 0; destroy_unreturned_resc_time -> 0; expiration_enforcement_delay -> 0; break_on_acquisition_failure -> false; debug_store_checkout_exceptions -> false]
INFO main com.mchange.v2.c3p0.impl.AbstractPoolBackedDataSource - Initializing c3p0 pool... com.mchange.v2.c3p0.ComboPooledDataSource [ acquireIncrement -> 3, acquireRetryAttempts -> 30, acquireRetryDelay -> 1000, autoCommitOnClose -> false, automaticTestTable -> null, breakAfterAcquireFailure -> false, checkoutTimeout -> 0, connectionCustomizerClassName -> null, connectionTesterClassName -> com.mchange.v2.c3p0.impl.DefaultConnectionTester, dataSourceName -> 1b608rnak1eszoueixrjk7|3059cbc, debugUnreturnedConnectionStackTraces -> false, description -> null, driverClass -> com.mysql.jdbc.Driver, factoryClassLocation -> null, forceIgnoreUnresolvedTransactions -> false, identityToken -> 1b608rnak1eszoueixrjk7|3059cbc, idleConnectionTestPeriod -> 0, initialPoolSize -> 3, jdbcUrl -> jdbc:mysql://localhost:3306/atguigu, maxAdministrativeTaskTime -> 0, maxConnectionAge -> 0, maxIdleTime -> 0, maxIdleTimeExcessConnections -> 0, maxPoolSize -> 15, maxStatements -> 0, maxStatementsPerConnection -> 0, minPoolSize -> 3, numHelperThreads -> 3, numThreadsAwaitingCheckoutDefaultUser -> 0, preferredTestQuery -> null, properties -> {user=******, password=******}, propertyCycle -> 0, testConnectionOnCheckin -> false, testConnectionOnCheckout -> false, unreturnedConnectionTimeout -> 0, usesTraditionalReflectiveProxies -> false ]
DEBUG main com.mchange.v2.resourcepool.BasicResourcePool - acquire test -- pool size: 0; target_pool_size: 3; desired target? 1
DEBUG main com.mchange.v2.resourcepool.BasicResourcePool - awaitAvailable(): [unknown]
DEBUG main com.mchange.v2.resourcepool.BasicResourcePool - trace com.mchange.v2.resourcepool.BasicResourcePool@737a135b [managed: 0, unused: 0, excluded: 0]
DEBUG com.mchange.v2.async.ThreadPoolAsynchronousRunner$PoolThread-#0 com.mchange.v2.c3p0.impl.C3P0PooledConnectionPool - com.mchange.v2.c3p0.impl.C3P0PooledConnectionPool$1PooledConnectionResourcePoolManager@58ebf1f6.acquireResource() returning. 
DEBUG com.mchange.v2.async.ThreadPoolAsynchronousRunner$PoolThread-#2 com.mchange.v2.c3p0.impl.C3P0PooledConnectionPool - com.mchange.v2.c3p0.impl.C3P0PooledConnectionPool$1PooledConnectionResourcePoolManager@58ebf1f6.acquireResource() returning. 
DEBUG com.mchange.v2.async.ThreadPoolAsynchronousRunner$PoolThread-#1 com.mchange.v2.c3p0.impl.C3P0PooledConnectionPool - com.mchange.v2.c3p0.impl.C3P0PooledConnectionPool$1PooledConnectionResourcePoolManager@58ebf1f6.acquireResource() returning. 
DEBUG com.mchange.v2.async.ThreadPoolAsynchronousRunner$PoolThread-#0 com.mchange.v2.resourcepool.BasicResourcePool - trace com.mchange.v2.resourcepool.BasicResourcePool@737a135b [managed: 1, unused: 1, excluded: 0]
DEBUG main com.mchange.v2.resourcepool.BasicResourcePool - trace com.mchange.v2.resourcepool.BasicResourcePool@737a135b [managed: 1, unused: 0, excluded: 0] (e.g. com.mchange.v2.c3p0.impl.NewPooledConnection@4dc4e396)
DEBUG com.mchange.v2.async.ThreadPoolAsynchronousRunner$PoolThread-#1 com.mchange.v2.resourcepool.BasicResourcePool - trace com.mchange.v2.resourcepool.BasicResourcePool@737a135b [managed: 2, unused: 1, excluded: 0] (e.g. com.mchange.v2.c3p0.impl.NewPooledConnection@4dc4e396)
DEBUG com.mchange.v2.async.ThreadPoolAsynchronousRunner$PoolThread-#1 com.mchange.v2.resourcepool.BasicResourcePool - decremented pending_acquires: 2
DEBUG com.mchange.v2.async.ThreadPoolAsynchronousRunner$PoolThread-#2 com.mchange.v2.resourcepool.BasicResourcePool - trace com.mchange.v2.resourcepool.BasicResourcePool@737a135b [managed: 3, unused: 2, excluded: 0] (e.g. com.mchange.v2.c3p0.impl.NewPooledConnection@4dc4e396)
DEBUG com.mchange.v2.async.ThreadPoolAsynchronousRunner$PoolThread-#2 com.mchange.v2.resourcepool.BasicResourcePool - decremented pending_acquires: 1
DEBUG com.mchange.v2.async.ThreadPoolAsynchronousRunner$PoolThread-#0 com.mchange.v2.resourcepool.BasicResourcePool - decremented pending_acquires: 0
DEBUG main com.mchange.v2.resourcepool.BasicResourcePool - trace com.mchange.v2.resourcepool.BasicResourcePool@737a135b [managed: 3, unused: 2, excluded: 0] (e.g. com.mchange.v2.c3p0.impl.NewPooledConnection@4dc4e396)
INFO main com.mchange.v2.log.MLog - MLog clients using log4j logging.
INFO main com.mchange.v2.c3p0.C3P0Registry - Initializing c3p0-0.9.1.2 [built 21-May-2007 15:04:56; debug? true; trace: 10]
DEBUG main com.mchange.v2.c3p0.management.DynamicPooledDataSourceManagerMBean - MBean: com.mchange.v2.c3p0:type=PooledDataSource[1b608rnak1et1ox5nnok56|3059cbc] registered.
DEBUG main com.mchange.v2.resourcepool.BasicResourcePool - incremented pending_acquires: 1
DEBUG main com.mchange.v2.resourcepool.BasicResourcePool - incremented pending_acquires: 2
DEBUG main com.mchange.v2.resourcepool.BasicResourcePool - incremented pending_acquires: 3
DEBUG main com.mchange.v2.resourcepool.BasicResourcePool - com.mchange.v2.resourcepool.BasicResourcePool@737a135b config: [start -> 3; min -> 3; max -> 15; inc -> 3; num_acq_attempts -> 30; acq_attempt_delay -> 1000; check_idle_resources_delay -> 0; mox_resource_age -> 0; max_idle_time -> 0; excess_max_idle_time -> 0; destroy_unreturned_resc_time -> 0; expiration_enforcement_delay -> 0; break_on_acquisition_failure -> false; debug_store_checkout_exceptions -> false]
INFO main com.mchange.v2.c3p0.impl.AbstractPoolBackedDataSource - Initializing c3p0 pool... com.mchange.v2.c3p0.ComboPooledDataSource [ acquireIncrement -> 3, acquireRetryAttempts -> 30, acquireRetryDelay -> 1000, autoCommitOnClose -> false, automaticTestTable -> null, breakAfterAcquireFailure -> false, checkoutTimeout -> 0, connectionCustomizerClassName -> null, connectionTesterClassName -> com.mchange.v2.c3p0.impl.DefaultConnectionTester, dataSourceName -> 1b608rnak1et1ox5nnok56|3059cbc, debugUnreturnedConnectionStackTraces -> false, description -> null, driverClass -> com.mysql.jdbc.Driver, factoryClassLocation -> null, forceIgnoreUnresolvedTransactions -> false, identityToken -> 1b608rnak1et1ox5nnok56|3059cbc, idleConnectionTestPeriod -> 0, initialPoolSize -> 3, jdbcUrl -> jdbc:mysql://localhost:3306/atguigu, maxAdministrativeTaskTime -> 0, maxConnectionAge -> 0, maxIdleTime -> 0, maxIdleTimeExcessConnections -> 0, maxPoolSize -> 15, maxStatements -> 0, maxStatementsPerConnection -> 0, minPoolSize -> 3, numHelperThreads -> 3, numThreadsAwaitingCheckoutDefaultUser -> 0, preferredTestQuery -> null, properties -> {user=******, password=******}, propertyCycle -> 0, testConnectionOnCheckin -> false, testConnectionOnCheckout -> false, unreturnedConnectionTimeout -> 0, usesTraditionalReflectiveProxies -> false ]
DEBUG main com.mchange.v2.resourcepool.BasicResourcePool - acquire test -- pool size: 0; target_pool_size: 3; desired target? 1
DEBUG main com.mchange.v2.resourcepool.BasicResourcePool - awaitAvailable(): [unknown]
DEBUG main com.mchange.v2.resourcepool.BasicResourcePool - trace com.mchange.v2.resourcepool.BasicResourcePool@737a135b [managed: 0, unused: 0, excluded: 0]
DEBUG com.mchange.v2.async.ThreadPoolAsynchronousRunner$PoolThread-#2 com.mchange.v2.c3p0.impl.C3P0PooledConnectionPool - com.mchange.v2.c3p0.impl.C3P0PooledConnectionPool$1PooledConnectionResourcePoolManager@1621d4a9.acquireResource() returning. 
DEBUG com.mchange.v2.async.ThreadPoolAsynchronousRunner$PoolThread-#1 com.mchange.v2.c3p0.impl.C3P0PooledConnectionPool - com.mchange.v2.c3p0.impl.C3P0PooledConnectionPool$1PooledConnectionResourcePoolManager@1621d4a9.acquireResource() returning. 
DEBUG com.mchange.v2.async.ThreadPoolAsynchronousRunner$PoolThread-#0 com.mchange.v2.c3p0.impl.C3P0PooledConnectionPool - com.mchange.v2.c3p0.impl.C3P0PooledConnectionPool$1PooledConnectionResourcePoolManager@1621d4a9.acquireResource() returning. 
DEBUG com.mchange.v2.async.ThreadPoolAsynchronousRunner$PoolThread-#2 com.mchange.v2.resourcepool.BasicResourcePool - trace com.mchange.v2.resourcepool.BasicResourcePool@737a135b [managed: 1, unused: 1, excluded: 0]
DEBUG main com.mchange.v2.resourcepool.BasicResourcePool - trace com.mchange.v2.resourcepool.BasicResourcePool@737a135b [managed: 1, unused: 0, excluded: 0] (e.g. com.mchange.v2.c3p0.impl.NewPooledConnection@12ac43c9)
DEBUG com.mchange.v2.async.ThreadPoolAsynchronousRunner$PoolThread-#0 com.mchange.v2.resourcepool.BasicResourcePool - trace com.mchange.v2.resourcepool.BasicResourcePool@737a135b [managed: 2, unused: 1, excluded: 0] (e.g. com.mchange.v2.c3p0.impl.NewPooledConnection@12ac43c9)
DEBUG com.mchange.v2.async.ThreadPoolAsynchronousRunner$PoolThread-#0 com.mchange.v2.resourcepool.BasicResourcePool - decremented pending_acquires: 2
DEBUG com.mchange.v2.async.ThreadPoolAsynchronousRunner$PoolThread-#1 com.mchange.v2.resourcepool.BasicResourcePool - trace com.mchange.v2.resourcepool.BasicResourcePool@737a135b [managed: 3, unused: 2, excluded: 0] (e.g. com.mchange.v2.c3p0.impl.NewPooledConnection@12ac43c9)
DEBUG com.mchange.v2.async.ThreadPoolAsynchronousRunner$PoolThread-#1 com.mchange.v2.resourcepool.BasicResourcePool - decremented pending_acquires: 1
DEBUG com.mchange.v2.async.ThreadPoolAsynchronousRunner$PoolThread-#2 com.mchange.v2.resourcepool.BasicResourcePool - decremented pending_acquires: 0
DEBUG main com.mchange.v2.resourcepool.BasicResourcePool - trace com.mchange.v2.resourcepool.BasicResourcePool@737a135b [managed: 3, unused: 2, excluded: 0] (e.g. com.mchange.v2.c3p0.impl.NewPooledConnection@12ac43c9)
INFO main com.mchange.v2.log.MLog - MLog clients using log4j logging.
INFO main com.mchange.v2.c3p0.C3P0Registry - Initializing c3p0-0.9.1.2 [built 21-May-2007 15:04:56; debug? true; trace: 10]
DEBUG main com.mchange.v2.c3p0.management.DynamicPooledDataSourceManagerMBean - MBean: com.mchange.v2.c3p0:type=PooledDataSource[1b608rnak1et4ctb1lbek7m|3059cbc] registered.
DEBUG main com.mchange.v2.resourcepool.BasicResourcePool - incremented pending_acquires: 1
DEBUG main com.mchange.v2.resourcepool.BasicResourcePool - incremented pending_acquires: 2
DEBUG main com.mchange.v2.resourcepool.BasicResourcePool - incremented pending_acquires: 3
DEBUG main com.mchange.v2.resourcepool.BasicResourcePool - com.mchange.v2.resourcepool.BasicResourcePool@737a135b config: [start -> 3; min -> 3; max -> 15; inc -> 3; num_acq_attempts -> 30; acq_attempt_delay -> 1000; check_idle_resources_delay -> 0; mox_resource_age -> 0; max_idle_time -> 0; excess_max_idle_time -> 0; destroy_unreturned_resc_time -> 0; expiration_enforcement_delay -> 0; break_on_acquisition_failure -> false; debug_store_checkout_exceptions -> false]
INFO main com.mchange.v2.c3p0.impl.AbstractPoolBackedDataSource - Initializing c3p0 pool... com.mchange.v2.c3p0.ComboPooledDataSource [ acquireIncrement -> 3, acquireRetryAttempts -> 30, acquireRetryDelay -> 1000, autoCommitOnClose -> false, automaticTestTable -> null, breakAfterAcquireFailure -> false, checkoutTimeout -> 0, connectionCustomizerClassName -> null, connectionTesterClassName -> com.mchange.v2.c3p0.impl.DefaultConnectionTester, dataSourceName -> 1b608rnak1et4ctb1lbek7m|3059cbc, debugUnreturnedConnectionStackTraces -> false, description -> null, driverClass -> com.mysql.jdbc.Driver, factoryClassLocation -> null, forceIgnoreUnresolvedTransactions -> false, identityToken -> 1b608rnak1et4ctb1lbek7m|3059cbc, idleConnectionTestPeriod -> 0, initialPoolSize -> 3, jdbcUrl -> jdbc:mysql://localhost:3306/atguigu, maxAdministrativeTaskTime -> 0, maxConnectionAge -> 0, maxIdleTime -> 0, maxIdleTimeExcessConnections -> 0, maxPoolSize -> 15, maxStatements -> 0, maxStatementsPerConnection -> 0, minPoolSize -> 3, numHelperThreads -> 3, numThreadsAwaitingCheckoutDefaultUser -> 0, preferredTestQuery -> null, properties -> {user=******, password=******}, propertyCycle -> 0, testConnectionOnCheckin -> false, testConnectionOnCheckout -> false, unreturnedConnectionTimeout -> 0, usesTraditionalReflectiveProxies -> false ]
DEBUG main com.mchange.v2.resourcepool.BasicResourcePool - acquire test -- pool size: 0; target_pool_size: 3; desired target? 1
DEBUG main com.mchange.v2.resourcepool.BasicResourcePool - awaitAvailable(): [unknown]
DEBUG main com.mchange.v2.resourcepool.BasicResourcePool - trace com.mchange.v2.resourcepool.BasicResourcePool@737a135b [managed: 0, unused: 0, excluded: 0]
DEBUG com.mchange.v2.async.ThreadPoolAsynchronousRunner$PoolThread-#2 com.mchange.v2.c3p0.impl.C3P0PooledConnectionPool - com.mchange.v2.c3p0.impl.C3P0PooledConnectionPool$1PooledConnectionResourcePoolManager@7ba9908b.acquireResource() returning. 
DEBUG com.mchange.v2.async.ThreadPoolAsynchronousRunner$PoolThread-#0 com.mchange.v2.c3p0.impl.C3P0PooledConnectionPool - com.mchange.v2.c3p0.impl.C3P0PooledConnectionPool$1PooledConnectionResourcePoolManager@7ba9908b.acquireResource() returning. 
DEBUG com.mchange.v2.async.ThreadPoolAsynchronousRunner$PoolThread-#1 com.mchange.v2.c3p0.impl.C3P0PooledConnectionPool - com.mchange.v2.c3p0.impl.C3P0PooledConnectionPool$1PooledConnectionResourcePoolManager@7ba9908b.acquireResource() returning. 
DEBUG com.mchange.v2.async.ThreadPoolAsynchronousRunner$PoolThread-#2 com.mchange.v2.resourcepool.BasicResourcePool - trace com.mchange.v2.resourcepool.BasicResourcePool@737a135b [managed: 1, unused: 1, excluded: 0]
DEBUG com.mchange.v2.async.ThreadPoolAsynchronousRunner$PoolThread-#2 com.mchange.v2.resourcepool.BasicResourcePool - decremented pending_acquires: 2
DEBUG com.mchange.v2.async.ThreadPoolAsynchronousRunner$PoolThread-#1 com.mchange.v2.resourcepool.BasicResourcePool - trace com.mchange.v2.resourcepool.BasicResourcePool@737a135b [managed: 2, unused: 1, excluded: 0] (e.g. com.mchange.v2.c3p0.impl.NewPooledConnection@521e8991)
DEBUG com.mchange.v2.async.ThreadPoolAsynchronousRunner$PoolThread-#1 com.mchange.v2.resourcepool.BasicResourcePool - decremented pending_acquires: 1
DEBUG com.mchange.v2.async.ThreadPoolAsynchronousRunner$PoolThread-#0 com.mchange.v2.resourcepool.BasicResourcePool - trace com.mchange.v2.resourcepool.BasicResourcePool@737a135b [managed: 3, unused: 2, excluded: 0] (e.g. com.mchange.v2.c3p0.impl.NewPooledConnection@521e8991)
DEBUG com.mchange.v2.async.ThreadPoolAsynchronousRunner$PoolThread-#0 com.mchange.v2.resourcepool.BasicResourcePool - decremented pending_acquires: 0
DEBUG main com.mchange.v2.resourcepool.BasicResourcePool - trace com.mchange.v2.resourcepool.BasicResourcePool@737a135b [managed: 3, unused: 2, excluded: 0] (e.g. com.mchange.v2.c3p0.impl.NewPooledConnection@521e8991)
DEBUG main com.mchange.v2.resourcepool.BasicResourcePool - trace com.mchange.v2.resourcepool.BasicResourcePool@737a135b [managed: 3, unused: 2, excluded: 0] (e.g. com.mchange.v2.c3p0.impl.NewPooledConnection@521e8991)
INFO main com.mchange.v2.log.MLog - MLog clients using log4j logging.
INFO main com.mchange.v2.c3p0.C3P0Registry - Initializing c3p0-0.9.1.2 [built 21-May-2007 15:04:56; debug? true; trace: 10]
DEBUG main com.mchange.v2.c3p0.management.DynamicPooledDataSourceManagerMBean - MBean: com.mchange.v2.c3p0:type=PooledDataSource[1b608rnak1et4ybz9nuh3l|3059cbc] registered.
DEBUG main com.mchange.v2.resourcepool.BasicResourcePool - incremented pending_acquires: 1
DEBUG main com.mchange.v2.resourcepool.BasicResourcePool - incremented pending_acquires: 2
DEBUG main com.mchange.v2.resourcepool.BasicResourcePool - incremented pending_acquires: 3
DEBUG main com.mchange.v2.resourcepool.BasicResourcePool - com.mchange.v2.resourcepool.BasicResourcePool@737a135b config: [start -> 3; min -> 3; max -> 15; inc -> 3; num_acq_attempts -> 30; acq_attempt_delay -> 1000; check_idle_resources_delay -> 0; mox_resource_age -> 0; max_idle_time -> 0; excess_max_idle_time -> 0; destroy_unreturned_resc_time -> 0; expiration_enforcement_delay -> 0; break_on_acquisition_failure -> false; debug_store_checkout_exceptions -> false]
INFO main com.mchange.v2.c3p0.impl.AbstractPoolBackedDataSource - Initializing c3p0 pool... com.mchange.v2.c3p0.ComboPooledDataSource [ acquireIncrement -> 3, acquireRetryAttempts -> 30, acquireRetryDelay -> 1000, autoCommitOnClose -> false, automaticTestTable -> null, breakAfterAcquireFailure -> false, checkoutTimeout -> 0, connectionCustomizerClassName -> null, connectionTesterClassName -> com.mchange.v2.c3p0.impl.DefaultConnectionTester, dataSourceName -> 1b608rnak1et4ybz9nuh3l|3059cbc, debugUnreturnedConnectionStackTraces -> false, description -> null, driverClass -> com.mysql.jdbc.Driver, factoryClassLocation -> null, forceIgnoreUnresolvedTransactions -> false, identityToken -> 1b608rnak1et4ybz9nuh3l|3059cbc, idleConnectionTestPeriod -> 0, initialPoolSize -> 3, jdbcUrl -> jdbc:mysql://localhost:3306/atguigu, maxAdministrativeTaskTime -> 0, maxConnectionAge -> 0, maxIdleTime -> 0, maxIdleTimeExcessConnections -> 0, maxPoolSize -> 15, maxStatements -> 0, maxStatementsPerConnection -> 0, minPoolSize -> 3, numHelperThreads -> 3, numThreadsAwaitingCheckoutDefaultUser -> 0, preferredTestQuery -> null, properties -> {user=******, password=******}, propertyCycle -> 0, testConnectionOnCheckin -> false, testConnectionOnCheckout -> false, unreturnedConnectionTimeout -> 0, usesTraditionalReflectiveProxies -> false ]
DEBUG main com.mchange.v2.resourcepool.BasicResourcePool - acquire test -- pool size: 0; target_pool_size: 3; desired target? 1
DEBUG main com.mchange.v2.resourcepool.BasicResourcePool - awaitAvailable(): [unknown]
DEBUG main com.mchange.v2.resourcepool.BasicResourcePool - trace com.mchange.v2.resourcepool.BasicResourcePool@737a135b [managed: 0, unused: 0, excluded: 0]
DEBUG com.mchange.v2.async.ThreadPoolAsynchronousRunner$PoolThread-#2 com.mchange.v2.c3p0.impl.C3P0PooledConnectionPool - com.mchange.v2.c3p0.impl.C3P0PooledConnectionPool$1PooledConnectionResourcePoolManager@4281fdeb.acquireResource() returning. 
DEBUG com.mchange.v2.async.ThreadPoolAsynchronousRunner$PoolThread-#0 com.mchange.v2.c3p0.impl.C3P0PooledConnectionPool - com.mchange.v2.c3p0.impl.C3P0PooledConnectionPool$1PooledConnectionResourcePoolManager@4281fdeb.acquireResource() returning. 
DEBUG com.mchange.v2.async.ThreadPoolAsynchronousRunner$PoolThread-#1 com.mchange.v2.c3p0.impl.C3P0PooledConnectionPool - com.mchange.v2.c3p0.impl.C3P0PooledConnectionPool$1PooledConnectionResourcePoolManager@4281fdeb.acquireResource() returning. 
DEBUG com.mchange.v2.async.ThreadPoolAsynchronousRunner$PoolThread-#2 com.mchange.v2.resourcepool.BasicResourcePool - trace com.mchange.v2.resourcepool.BasicResourcePool@737a135b [managed: 1, unused: 1, excluded: 0]
DEBUG com.mchange.v2.async.ThreadPoolAsynchronousRunner$PoolThread-#2 com.mchange.v2.resourcepool.BasicResourcePool - decremented pending_acquires: 2
DEBUG main com.mchange.v2.resourcepool.BasicResourcePool - trace com.mchange.v2.resourcepool.BasicResourcePool@737a135b [managed: 1, unused: 0, excluded: 0] (e.g. com.mchange.v2.c3p0.impl.NewPooledConnection@464dfe13)
DEBUG com.mchange.v2.async.ThreadPoolAsynchronousRunner$PoolThread-#1 com.mchange.v2.resourcepool.BasicResourcePool - trace com.mchange.v2.resourcepool.BasicResourcePool@737a135b [managed: 2, unused: 1, excluded: 0] (e.g. com.mchange.v2.c3p0.impl.NewPooledConnection@464dfe13)
DEBUG com.mchange.v2.async.ThreadPoolAsynchronousRunner$PoolThread-#1 com.mchange.v2.resourcepool.BasicResourcePool - decremented pending_acquires: 1
DEBUG com.mchange.v2.async.ThreadPoolAsynchronousRunner$PoolThread-#0 com.mchange.v2.resourcepool.BasicResourcePool - trace com.mchange.v2.resourcepool.BasicResourcePool@737a135b [managed: 3, unused: 2, excluded: 0] (e.g. com.mchange.v2.c3p0.impl.NewPooledConnection@464dfe13)
DEBUG com.mchange.v2.async.ThreadPoolAsynchronousRunner$PoolThread-#0 com.mchange.v2.resourcepool.BasicResourcePool - decremented pending_acquires: 0
DEBUG main com.mchange.v2.resourcepool.BasicResourcePool - trace com.mchange.v2.resourcepool.BasicResourcePool@737a135b [managed: 3, unused: 2, excluded: 0] (e.g. com.mchange.v2.c3p0.impl.NewPooledConnection@464dfe13)
INFO main com.mchange.v2.log.MLog - MLog clients using log4j logging.
INFO main com.mchange.v2.c3p0.C3P0Registry - Initializing c3p0-0.9.1.2 [built 21-May-2007 15:04:56; debug? true; trace: 10]
DEBUG main com.mchange.v2.c3p0.management.DynamicPooledDataSourceManagerMBean - MBean: com.mchange.v2.c3p0:type=PooledDataSource[1b608rnak1f3gi921tofoqs|24fcf36f] registered.
DEBUG main com.mchange.v2.resourcepool.BasicResourcePool - incremented pending_acquires: 1
DEBUG main com.mchange.v2.resourcepool.BasicResourcePool - incremented pending_acquires: 2
DEBUG main com.mchange.v2.resourcepool.BasicResourcePool - incremented pending_acquires: 3
DEBUG main com.mchange.v2.resourcepool.BasicResourcePool - com.mchange.v2.resourcepool.BasicResourcePool@130dca52 config: [start -> 3; min -> 3; max -> 15; inc -> 3; num_acq_attempts -> 30; acq_attempt_delay -> 1000; check_idle_resources_delay -> 0; mox_resource_age -> 0; max_idle_time -> 0; excess_max_idle_time -> 0; destroy_unreturned_resc_time -> 0; expiration_enforcement_delay -> 0; break_on_acquisition_failure -> false; debug_store_checkout_exceptions -> false]
INFO main com.mchange.v2.c3p0.impl.AbstractPoolBackedDataSource - Initializing c3p0 pool... com.mchange.v2.c3p0.ComboPooledDataSource [ acquireIncrement -> 3, acquireRetryAttempts -> 30, acquireRetryDelay -> 1000, autoCommitOnClose -> false, automaticTestTable -> null, breakAfterAcquireFailure -> false, checkoutTimeout -> 0, connectionCustomizerClassName -> null, connectionTesterClassName -> com.mchange.v2.c3p0.impl.DefaultConnectionTester, dataSourceName -> 1b608rnak1f3gi921tofoqs|24fcf36f, debugUnreturnedConnectionStackTraces -> false, description -> null, driverClass -> com.mysql.jdbc.Driver, factoryClassLocation -> null, forceIgnoreUnresolvedTransactions -> false, identityToken -> 1b608rnak1f3gi921tofoqs|24fcf36f, idleConnectionTestPeriod -> 0, initialPoolSize -> 3, jdbcUrl -> jdbc:mysql://localhost:3306/atguigu, maxAdministrativeTaskTime -> 0, maxConnectionAge -> 0, maxIdleTime -> 0, maxIdleTimeExcessConnections -> 0, maxPoolSize -> 15, maxStatements -> 0, maxStatementsPerConnection -> 0, minPoolSize -> 3, numHelperThreads -> 3, numThreadsAwaitingCheckoutDefaultUser -> 0, preferredTestQuery -> null, properties -> {user=******, password=******}, propertyCycle -> 0, testConnectionOnCheckin -> false, testConnectionOnCheckout -> false, unreturnedConnectionTimeout -> 0, usesTraditionalReflectiveProxies -> false ]
DEBUG main com.mchange.v2.resourcepool.BasicResourcePool - acquire test -- pool size: 0; target_pool_size: 3; desired target? 1
DEBUG main com.mchange.v2.resourcepool.BasicResourcePool - awaitAvailable(): [unknown]
DEBUG main com.mchange.v2.resourcepool.BasicResourcePool - trace com.mchange.v2.resourcepool.BasicResourcePool@130dca52 [managed: 0, unused: 0, excluded: 0]
DEBUG com.mchange.v2.async.ThreadPoolAsynchronousRunner$PoolThread-#1 com.mchange.v2.c3p0.impl.C3P0PooledConnectionPool - com.mchange.v2.c3p0.impl.C3P0PooledConnectionPool$1PooledConnectionResourcePoolManager@6592c834.acquireResource() returning. 
DEBUG com.mchange.v2.async.ThreadPoolAsynchronousRunner$PoolThread-#2 com.mchange.v2.c3p0.impl.C3P0PooledConnectionPool - com.mchange.v2.c3p0.impl.C3P0PooledConnectionPool$1PooledConnectionResourcePoolManager@6592c834.acquireResource() returning. 
DEBUG com.mchange.v2.async.ThreadPoolAsynchronousRunner$PoolThread-#0 com.mchange.v2.c3p0.impl.C3P0PooledConnectionPool - com.mchange.v2.c3p0.impl.C3P0PooledConnectionPool$1PooledConnectionResourcePoolManager@6592c834.acquireResource() returning. 
DEBUG com.mchange.v2.async.ThreadPoolAsynchronousRunner$PoolThread-#1 com.mchange.v2.resourcepool.BasicResourcePool - trace com.mchange.v2.resourcepool.BasicResourcePool@130dca52 [managed: 1, unused: 1, excluded: 0]
DEBUG com.mchange.v2.async.ThreadPoolAsynchronousRunner$PoolThread-#0 com.mchange.v2.resourcepool.BasicResourcePool - trace com.mchange.v2.resourcepool.BasicResourcePool@130dca52 [managed: 2, unused: 2, excluded: 0] (e.g. com.mchange.v2.c3p0.impl.NewPooledConnection@3b6d5305)
DEBUG com.mchange.v2.async.ThreadPoolAsynchronousRunner$PoolThread-#2 com.mchange.v2.resourcepool.BasicResourcePool - trace com.mchange.v2.resourcepool.BasicResourcePool@130dca52 [managed: 3, unused: 2, excluded: 0] (e.g. com.mchange.v2.c3p0.impl.NewPooledConnection@3b6d5305)
DEBUG com.mchange.v2.async.ThreadPoolAsynchronousRunner$PoolThread-#2 com.mchange.v2.resourcepool.BasicResourcePool - decremented pending_acquires: 2
DEBUG main com.mchange.v2.resourcepool.BasicResourcePool - trace com.mchange.v2.resourcepool.BasicResourcePool@130dca52 [managed: 3, unused: 2, excluded: 0] (e.g. com.mchange.v2.c3p0.impl.NewPooledConnection@3b6d5305)
DEBUG com.mchange.v2.async.ThreadPoolAsynchronousRunner$PoolThread-#0 com.mchange.v2.resourcepool.BasicResourcePool - decremented pending_acquires: 1
DEBUG com.mchange.v2.async.ThreadPoolAsynchronousRunner$PoolThread-#1 com.mchange.v2.resourcepool.BasicResourcePool - decremented pending_acquires: 0
DEBUG main com.mchange.v2.resourcepool.BasicResourcePool - trace com.mchange.v2.resourcepool.BasicResourcePool@130dca52 [managed: 3, unused: 2, excluded: 0] (e.g. com.mchange.v2.c3p0.impl.NewPooledConnection@3b6d5305)
INFO main com.mchange.v2.log.MLog - MLog clients using log4j logging.
INFO main com.mchange.v2.c3p0.C3P0Registry - Initializing c3p0-0.9.1.2 [built 21-May-2007 15:04:56; debug? true; trace: 10]
DEBUG main com.mchange.v2.c3p0.management.DynamicPooledDataSourceManagerMBean - MBean: com.mchange.v2.c3p0:type=PooledDataSource[1b608rnak1f3h958pix8ia|24fcf36f] registered.
DEBUG main com.mchange.v2.resourcepool.BasicResourcePool - incremented pending_acquires: 1
DEBUG main com.mchange.v2.resourcepool.BasicResourcePool - incremented pending_acquires: 2
DEBUG main com.mchange.v2.resourcepool.BasicResourcePool - incremented pending_acquires: 3
DEBUG main com.mchange.v2.resourcepool.BasicResourcePool - com.mchange.v2.resourcepool.BasicResourcePool@130dca52 config: [start -> 3; min -> 3; max -> 15; inc -> 3; num_acq_attempts -> 30; acq_attempt_delay -> 1000; check_idle_resources_delay -> 0; mox_resource_age -> 0; max_idle_time -> 0; excess_max_idle_time -> 0; destroy_unreturned_resc_time -> 0; expiration_enforcement_delay -> 0; break_on_acquisition_failure -> false; debug_store_checkout_exceptions -> false]
INFO main com.mchange.v2.c3p0.impl.AbstractPoolBackedDataSource - Initializing c3p0 pool... com.mchange.v2.c3p0.ComboPooledDataSource [ acquireIncrement -> 3, acquireRetryAttempts -> 30, acquireRetryDelay -> 1000, autoCommitOnClose -> false, automaticTestTable -> null, breakAfterAcquireFailure -> false, checkoutTimeout -> 0, connectionCustomizerClassName -> null, connectionTesterClassName -> com.mchange.v2.c3p0.impl.DefaultConnectionTester, dataSourceName -> 1b608rnak1f3h958pix8ia|24fcf36f, debugUnreturnedConnectionStackTraces -> false, description -> null, driverClass -> com.mysql.jdbc.Driver, factoryClassLocation -> null, forceIgnoreUnresolvedTransactions -> false, identityToken -> 1b608rnak1f3h958pix8ia|24fcf36f, idleConnectionTestPeriod -> 0, initialPoolSize -> 3, jdbcUrl -> jdbc:mysql://localhost:3306/atguigu, maxAdministrativeTaskTime -> 0, maxConnectionAge -> 0, maxIdleTime -> 0, maxIdleTimeExcessConnections -> 0, maxPoolSize -> 15, maxStatements -> 0, maxStatementsPerConnection -> 0, minPoolSize -> 3, numHelperThreads -> 3, numThreadsAwaitingCheckoutDefaultUser -> 0, preferredTestQuery -> null, properties -> {user=******, password=******}, propertyCycle -> 0, testConnectionOnCheckin -> false, testConnectionOnCheckout -> false, unreturnedConnectionTimeout -> 0, usesTraditionalReflectiveProxies -> false ]
DEBUG main com.mchange.v2.resourcepool.BasicResourcePool - acquire test -- pool size: 0; target_pool_size: 3; desired target? 1
DEBUG main com.mchange.v2.resourcepool.BasicResourcePool - awaitAvailable(): [unknown]
DEBUG main com.mchange.v2.resourcepool.BasicResourcePool - trace com.mchange.v2.resourcepool.BasicResourcePool@130dca52 [managed: 0, unused: 0, excluded: 0]
DEBUG com.mchange.v2.async.ThreadPoolAsynchronousRunner$PoolThread-#2 com.mchange.v2.c3p0.impl.C3P0PooledConnectionPool - com.mchange.v2.c3p0.impl.C3P0PooledConnectionPool$1PooledConnectionResourcePoolManager@31f61f9c.acquireResource() returning. 
DEBUG com.mchange.v2.async.ThreadPoolAsynchronousRunner$PoolThread-#0 com.mchange.v2.c3p0.impl.C3P0PooledConnectionPool - com.mchange.v2.c3p0.impl.C3P0PooledConnectionPool$1PooledConnectionResourcePoolManager@31f61f9c.acquireResource() returning. 
DEBUG com.mchange.v2.async.ThreadPoolAsynchronousRunner$PoolThread-#1 com.mchange.v2.c3p0.impl.C3P0PooledConnectionPool - com.mchange.v2.c3p0.impl.C3P0PooledConnectionPool$1PooledConnectionResourcePoolManager@31f61f9c.acquireResource() returning. 
DEBUG com.mchange.v2.async.ThreadPoolAsynchronousRunner$PoolThread-#2 com.mchange.v2.resourcepool.BasicResourcePool - trace com.mchange.v2.resourcepool.BasicResourcePool@130dca52 [managed: 1, unused: 1, excluded: 0]
DEBUG com.mchange.v2.async.ThreadPoolAsynchronousRunner$PoolThread-#2 com.mchange.v2.resourcepool.BasicResourcePool - decremented pending_acquires: 2
DEBUG com.mchange.v2.async.ThreadPoolAsynchronousRunner$PoolThread-#1 com.mchange.v2.resourcepool.BasicResourcePool - trace com.mchange.v2.resourcepool.BasicResourcePool@130dca52 [managed: 2, unused: 1, excluded: 0] (e.g. com.mchange.v2.c3p0.impl.NewPooledConnection@1395ff40)
DEBUG com.mchange.v2.async.ThreadPoolAsynchronousRunner$PoolThread-#1 com.mchange.v2.resourcepool.BasicResourcePool - decremented pending_acquires: 1
DEBUG com.mchange.v2.async.ThreadPoolAsynchronousRunner$PoolThread-#0 com.mchange.v2.resourcepool.BasicResourcePool - trace com.mchange.v2.resourcepool.BasicResourcePool@130dca52 [managed: 3, unused: 2, excluded: 0] (e.g. com.mchange.v2.c3p0.impl.NewPooledConnection@1395ff40)
DEBUG com.mchange.v2.async.ThreadPoolAsynchronousRunner$PoolThread-#0 com.mchange.v2.resourcepool.BasicResourcePool - decremented pending_acquires: 0
DEBUG main com.mchange.v2.resourcepool.BasicResourcePool - trace com.mchange.v2.resourcepool.BasicResourcePool@130dca52 [managed: 3, unused: 2, excluded: 0] (e.g. com.mchange.v2.c3p0.impl.NewPooledConnection@1395ff40)
DEBUG main com.mchange.v2.resourcepool.BasicResourcePool - trace com.mchange.v2.resourcepool.BasicResourcePool@130dca52 [managed: 3, unused: 2, excluded: 0] (e.g. com.mchange.v2.c3p0.impl.NewPooledConnection@1395ff40)
INFO main com.mchange.v2.log.MLog - MLog clients using log4j logging.
INFO main com.mchange.v2.c3p0.C3P0Registry - Initializing c3p0-0.9.1.2 [built 21-May-2007 15:04:56; debug? true; trace: 10]
DEBUG main com.mchange.v2.c3p0.management.DynamicPooledDataSourceManagerMBean - MBean: com.mchange.v2.c3p0:type=PooledDataSource[1b608rnak1f3k0ux14yjwbq|24fcf36f] registered.
DEBUG main com.mchange.v2.resourcepool.BasicResourcePool - incremented pending_acquires: 1
DEBUG main com.mchange.v2.resourcepool.BasicResourcePool - incremented pending_acquires: 2
DEBUG main com.mchange.v2.resourcepool.BasicResourcePool - incremented pending_acquires: 3
DEBUG main com.mchange.v2.resourcepool.BasicResourcePool - com.mchange.v2.resourcepool.BasicResourcePool@130dca52 config: [start -> 3; min -> 3; max -> 15; inc -> 3; num_acq_attempts -> 30; acq_attempt_delay -> 1000; check_idle_resources_delay -> 0; mox_resource_age -> 0; max_idle_time -> 0; excess_max_idle_time -> 0; destroy_unreturned_resc_time -> 0; expiration_enforcement_delay -> 0; break_on_acquisition_failure -> false; debug_store_checkout_exceptions -> false]
INFO main com.mchange.v2.c3p0.impl.AbstractPoolBackedDataSource - Initializing c3p0 pool... com.mchange.v2.c3p0.ComboPooledDataSource [ acquireIncrement -> 3, acquireRetryAttempts -> 30, acquireRetryDelay -> 1000, autoCommitOnClose -> false, automaticTestTable -> null, breakAfterAcquireFailure -> false, checkoutTimeout -> 0, connectionCustomizerClassName -> null, connectionTesterClassName -> com.mchange.v2.c3p0.impl.DefaultConnectionTester, dataSourceName -> 1b608rnak1f3k0ux14yjwbq|24fcf36f, debugUnreturnedConnectionStackTraces -> false, description -> null, driverClass -> com.mysql.jdbc.Driver, factoryClassLocation -> null, forceIgnoreUnresolvedTransactions -> false, identityToken -> 1b608rnak1f3k0ux14yjwbq|24fcf36f, idleConnectionTestPeriod -> 0, initialPoolSize -> 3, jdbcUrl -> jdbc:mysql://localhost:3306/atguigu, maxAdministrativeTaskTime -> 0, maxConnectionAge -> 0, maxIdleTime -> 0, maxIdleTimeExcessConnections -> 0, maxPoolSize -> 15, maxStatements -> 0, maxStatementsPerConnection -> 0, minPoolSize -> 3, numHelperThreads -> 3, numThreadsAwaitingCheckoutDefaultUser -> 0, preferredTestQuery -> null, properties -> {user=******, password=******}, propertyCycle -> 0, testConnectionOnCheckin -> false, testConnectionOnCheckout -> false, unreturnedConnectionTimeout -> 0, usesTraditionalReflectiveProxies -> false ]
DEBUG main com.mchange.v2.resourcepool.BasicResourcePool - acquire test -- pool size: 0; target_pool_size: 3; desired target? 1
DEBUG main com.mchange.v2.resourcepool.BasicResourcePool - awaitAvailable(): [unknown]
DEBUG main com.mchange.v2.resourcepool.BasicResourcePool - trace com.mchange.v2.resourcepool.BasicResourcePool@130dca52 [managed: 0, unused: 0, excluded: 0]
DEBUG com.mchange.v2.async.ThreadPoolAsynchronousRunner$PoolThread-#2 com.mchange.v2.c3p0.impl.C3P0PooledConnectionPool - com.mchange.v2.c3p0.impl.C3P0PooledConnectionPool$1PooledConnectionResourcePoolManager@286f7f63.acquireResource() returning. 
DEBUG com.mchange.v2.async.ThreadPoolAsynchronousRunner$PoolThread-#1 com.mchange.v2.c3p0.impl.C3P0PooledConnectionPool - com.mchange.v2.c3p0.impl.C3P0PooledConnectionPool$1PooledConnectionResourcePoolManager@286f7f63.acquireResource() returning. 
DEBUG com.mchange.v2.async.ThreadPoolAsynchronousRunner$PoolThread-#0 com.mchange.v2.c3p0.impl.C3P0PooledConnectionPool - com.mchange.v2.c3p0.impl.C3P0PooledConnectionPool$1PooledConnectionResourcePoolManager@286f7f63.acquireResource() returning. 
DEBUG com.mchange.v2.async.ThreadPoolAsynchronousRunner$PoolThread-#2 com.mchange.v2.resourcepool.BasicResourcePool - trace com.mchange.v2.resourcepool.BasicResourcePool@130dca52 [managed: 1, unused: 1, excluded: 0]
DEBUG main com.mchange.v2.resourcepool.BasicResourcePool - trace com.mchange.v2.resourcepool.BasicResourcePool@130dca52 [managed: 1, unused: 0, excluded: 0] (e.g. com.mchange.v2.c3p0.impl.NewPooledConnection@1cc422e2)
DEBUG com.mchange.v2.async.ThreadPoolAsynchronousRunner$PoolThread-#0 com.mchange.v2.resourcepool.BasicResourcePool - trace com.mchange.v2.resourcepool.BasicResourcePool@130dca52 [managed: 2, unused: 1, excluded: 0] (e.g. com.mchange.v2.c3p0.impl.NewPooledConnection@1cc422e2)
DEBUG com.mchange.v2.async.ThreadPoolAsynchronousRunner$PoolThread-#1 com.mchange.v2.resourcepool.BasicResourcePool - trace com.mchange.v2.resourcepool.BasicResourcePool@130dca52 [managed: 3, unused: 2, excluded: 0] (e.g. com.mchange.v2.c3p0.impl.NewPooledConnection@1cc422e2)
DEBUG com.mchange.v2.async.ThreadPoolAsynchronousRunner$PoolThread-#1 com.mchange.v2.resourcepool.BasicResourcePool - decremented pending_acquires: 2
DEBUG com.mchange.v2.async.ThreadPoolAsynchronousRunner$PoolThread-#0 com.mchange.v2.resourcepool.BasicResourcePool - decremented pending_acquires: 1
DEBUG com.mchange.v2.async.ThreadPoolAsynchronousRunner$PoolThread-#2 com.mchange.v2.resourcepool.BasicResourcePool - decremented pending_acquires: 0
DEBUG main com.mchange.v2.resourcepool.BasicResourcePool - trace com.mchange.v2.resourcepool.BasicResourcePool@130dca52 [managed: 3, unused: 2, excluded: 0] (e.g. com.mchange.v2.c3p0.impl.NewPooledConnection@1cc422e2)
INFO main com.mchange.v2.log.MLog - MLog clients using log4j logging.
INFO main com.mchange.v2.c3p0.C3P0Registry - Initializing c3p0-0.9.1.2 [built 21-May-2007 15:04:56; debug? true; trace: 10]
DEBUG main com.mchange.v2.c3p0.management.DynamicPooledDataSourceManagerMBean - MBean: com.mchange.v2.c3p0:type=PooledDataSource[1b608rnak1ha376rmlchlc|2053d869] registered.
DEBUG main com.mchange.v2.resourcepool.BasicResourcePool - incremented pending_acquires: 1
DEBUG main com.mchange.v2.resourcepool.BasicResourcePool - incremented pending_acquires: 2
DEBUG main com.mchange.v2.resourcepool.BasicResourcePool - incremented pending_acquires: 3
DEBUG main com.mchange.v2.resourcepool.BasicResourcePool - com.mchange.v2.resourcepool.BasicResourcePool@13d73fa config: [start -> 3; min -> 3; max -> 15; inc -> 3; num_acq_attempts -> 30; acq_attempt_delay -> 1000; check_idle_resources_delay -> 0; mox_resource_age -> 0; max_idle_time -> 0; excess_max_idle_time -> 0; destroy_unreturned_resc_time -> 0; expiration_enforcement_delay -> 0; break_on_acquisition_failure -> false; debug_store_checkout_exceptions -> false]
INFO main com.mchange.v2.c3p0.impl.AbstractPoolBackedDataSource - Initializing c3p0 pool... com.mchange.v2.c3p0.ComboPooledDataSource [ acquireIncrement -> 3, acquireRetryAttempts -> 30, acquireRetryDelay -> 1000, autoCommitOnClose -> false, automaticTestTable -> null, breakAfterAcquireFailure -> false, checkoutTimeout -> 0, connectionCustomizerClassName -> null, connectionTesterClassName -> com.mchange.v2.c3p0.impl.DefaultConnectionTester, dataSourceName -> 1b608rnak1ha376rmlchlc|2053d869, debugUnreturnedConnectionStackTraces -> false, description -> null, driverClass -> com.mysql.jdbc.Driver, factoryClassLocation -> null, forceIgnoreUnresolvedTransactions -> false, identityToken -> 1b608rnak1ha376rmlchlc|2053d869, idleConnectionTestPeriod -> 0, initialPoolSize -> 3, jdbcUrl -> jdbc:mysql://localhost:3306/atguigu, maxAdministrativeTaskTime -> 0, maxConnectionAge -> 0, maxIdleTime -> 0, maxIdleTimeExcessConnections -> 0, maxPoolSize -> 15, maxStatements -> 0, maxStatementsPerConnection -> 0, minPoolSize -> 3, numHelperThreads -> 3, numThreadsAwaitingCheckoutDefaultUser -> 0, preferredTestQuery -> null, properties -> {user=******, password=******}, propertyCycle -> 0, testConnectionOnCheckin -> false, testConnectionOnCheckout -> false, unreturnedConnectionTimeout -> 0, usesTraditionalReflectiveProxies -> false ]
DEBUG main com.mchange.v2.resourcepool.BasicResourcePool - acquire test -- pool size: 0; target_pool_size: 3; desired target? 1
DEBUG main com.mchange.v2.resourcepool.BasicResourcePool - awaitAvailable(): [unknown]
DEBUG main com.mchange.v2.resourcepool.BasicResourcePool - trace com.mchange.v2.resourcepool.BasicResourcePool@13d73fa [managed: 0, unused: 0, excluded: 0]
DEBUG com.mchange.v2.async.ThreadPoolAsynchronousRunner$PoolThread-#0 com.mchange.v2.c3p0.impl.C3P0PooledConnectionPool - com.mchange.v2.c3p0.impl.C3P0PooledConnectionPool$1PooledConnectionResourcePoolManager@4d21d561.acquireResource() returning. 
DEBUG com.mchange.v2.async.ThreadPoolAsynchronousRunner$PoolThread-#1 com.mchange.v2.c3p0.impl.C3P0PooledConnectionPool - com.mchange.v2.c3p0.impl.C3P0PooledConnectionPool$1PooledConnectionResourcePoolManager@4d21d561.acquireResource() returning. 
DEBUG com.mchange.v2.async.ThreadPoolAsynchronousRunner$PoolThread-#2 com.mchange.v2.c3p0.impl.C3P0PooledConnectionPool - com.mchange.v2.c3p0.impl.C3P0PooledConnectionPool$1PooledConnectionResourcePoolManager@4d21d561.acquireResource() returning. 
DEBUG com.mchange.v2.async.ThreadPoolAsynchronousRunner$PoolThread-#1 com.mchange.v2.resourcepool.BasicResourcePool - trace com.mchange.v2.resourcepool.BasicResourcePool@13d73fa [managed: 1, unused: 1, excluded: 0]
DEBUG com.mchange.v2.async.ThreadPoolAsynchronousRunner$PoolThread-#0 com.mchange.v2.resourcepool.BasicResourcePool - trace com.mchange.v2.resourcepool.BasicResourcePool@13d73fa [managed: 2, unused: 1, excluded: 0] (e.g. com.mchange.v2.c3p0.impl.NewPooledConnection@bcd6041)
DEBUG com.mchange.v2.async.ThreadPoolAsynchronousRunner$PoolThread-#2 com.mchange.v2.resourcepool.BasicResourcePool - trace com.mchange.v2.resourcepool.BasicResourcePool@13d73fa [managed: 3, unused: 2, excluded: 0] (e.g. com.mchange.v2.c3p0.impl.NewPooledConnection@bcd6041)
DEBUG com.mchange.v2.async.ThreadPoolAsynchronousRunner$PoolThread-#2 com.mchange.v2.resourcepool.BasicResourcePool - decremented pending_acquires: 2
DEBUG com.mchange.v2.async.ThreadPoolAsynchronousRunner$PoolThread-#0 com.mchange.v2.resourcepool.BasicResourcePool - decremented pending_acquires: 1
DEBUG main com.mchange.v2.resourcepool.BasicResourcePool - trace com.mchange.v2.resourcepool.BasicResourcePool@13d73fa [managed: 3, unused: 2, excluded: 0] (e.g. com.mchange.v2.c3p0.impl.NewPooledConnection@bcd6041)
DEBUG com.mchange.v2.async.ThreadPoolAsynchronousRunner$PoolThread-#1 com.mchange.v2.resourcepool.BasicResourcePool - decremented pending_acquires: 0
DEBUG main com.mchange.v2.resourcepool.BasicResourcePool - trace com.mchange.v2.resourcepool.BasicResourcePool@13d73fa [managed: 3, unused: 2, excluded: 0] (e.g. com.mchange.v2.c3p0.impl.NewPooledConnection@bcd6041)
